2024-04-06 14:31:16 DEBUG BotTelegramCommands:40 - заявка
2024-04-06 14:38:23 DEBUG BotTelegramCommands:41 - заявка
2024-04-06 14:40:29 DEBUG BotTelegramCommands:57 - спил
2024-04-06 14:40:32 DEBUG BotTelegramCommands:57 - кранация
2024-04-06 14:40:35 DEBUG BotTelegramCommands:57 - вывоз
2024-04-06 15:44:32 DEBUG BotTelegramCommands:42 - /start
2024-04-06 15:44:34 DEBUG BotTelegramCommands:42 - Начать
2024-04-06 15:44:50 DEBUG BotTelegramCommands:42 - Заявка
2024-04-06 15:44:52 DEBUG BotTelegramCommands:57 - спил
2024-04-06 15:45:02 DEBUG BotTelegramCommands:42 - Ппоо паагг опаа
2024-04-06 15:49:07 DEBUG BotTelegramCommands:71 - Начать
2024-04-06 15:49:10 DEBUG BotTelegramCommands:71 - /start
2024-04-06 15:49:16 DEBUG BotTelegramCommands:71 - Начать
2024-04-06 15:49:23 DEBUG BotTelegramCommands:71 - Заявка
2024-04-06 15:52:06 DEBUG BotTelegramCommands:87 - спил
2024-04-06 15:52:30 DEBUG BotTelegramCommands:49 - Толстой хаха Андре, 891212453357, ул ленина-> спил
2024-04-06 15:52:30 DEBUG BotTelegramCommands:72 - Толстой хаха Андре, 891212453357, ул ленина
2024-04-06 15:53:29 DEBUG BotTelegramCommands:71 - Заявка
2024-04-06 15:53:30 DEBUG BotTelegramCommands:86 - спил
2024-04-06 15:53:39 DEBUG BotTelegramCommands:49 - Толстой хаха Андре, 891212453357, ул ленина-> спил
2024-04-06 15:54:52 DEBUG BotTelegramCommands:71 - /start
2024-04-06 15:54:55 DEBUG BotTelegramCommands:71 - Начать
2024-04-06 15:55:01 DEBUG BotTelegramCommands:71 - Заявка
2024-04-06 15:55:04 DEBUG BotTelegramCommands:86 - спил
2024-04-06 15:55:19 DEBUG BotTelegramCommands:49 - Раегг гпаен гпаен 896458896, ул лмаен-> спил
2024-04-06 15:56:00 DEBUG BotTelegramCommands:71 - Заявка
2024-04-06 15:56:01 DEBUG BotTelegramCommands:86 - кранация
2024-04-06 15:56:57 DEBUG BotTelegramCommands:71 - /start
2024-04-06 15:57:18 DEBUG BotTelegramCommands:71 - Заявка
2024-04-06 15:57:25 DEBUG BotTelegramCommands:86 - спил
2024-04-06 15:57:38 DEBUG BotTelegramCommands:71 - Заявка
2024-04-06 15:57:47 DEBUG BotTelegramCommands:71 - Заявка
2024-04-06 15:57:59 DEBUG BotTelegramCommands:86 - кранация
2024-04-06 15:58:01 DEBUG BotTelegramCommands:86 - вывоз
2024-04-06 15:58:18 DEBUG BotTelegramCommands:71 - Заявка
2024-04-06 15:58:24 DEBUG BotTelegramCommands:86 - вывоз
2024-04-06 15:59:26 DEBUG BotTelegramCommands:71 - /start
2024-04-06 16:00:45 DEBUG BotTelegramCommands:71 - /start
2024-04-06 16:02:00 DEBUG BotTelegramCommands:71 - /start
2024-04-06 16:02:31 DEBUG BotTelegramCommands:71 - /start
2024-04-06 16:02:40 DEBUG BotTelegramCommands:71 - Заявка
2024-04-06 16:02:43 DEBUG BotTelegramCommands:86 - спил
2024-04-06 16:03:56 DEBUG BotTelegramCommands:71 - /start
2024-04-06 16:04:01 DEBUG BotTelegramCommands:71 - /start
2024-04-06 16:04:02 DEBUG BotTelegramCommands:71 - /start
2024-04-06 16:04:10 DEBUG BotTelegramCommands:71 - Заявка
2024-04-06 16:04:16 DEBUG BotTelegramCommands:71 - Информация
2024-04-06 16:04:24 DEBUG BotTelegramCommands:71 - Информация
2024-04-06 16:04:41 DEBUG BotTelegramCommands:71 - Ппгп
2024-04-06 16:06:02 DEBUG BotTelegramCommands:86 - спил
2024-04-06 16:10:41 DEBUG BotTelegramCommands:71 - Команды
2024-04-06 16:11:29 DEBUG BotTelegramCommands:71 - Команды
2024-04-06 16:11:41 DEBUG BotTelegramCommands:71 - Заявка
2024-04-06 16:11:45 DEBUG BotTelegramCommands:88 - спил
2024-04-06 16:12:22 DEBUG BotTelegramCommands:71 - Мпге опкг орк
2024-04-06 16:12:30 DEBUG BotTelegramCommands:49 - Грек ча5гт длрн рре-> спил
2024-04-06 16:12:40 DEBUG BotTelegramCommands:71 - Заявка
2024-04-06 16:14:00 DEBUG BotTelegramCommands:72 - /start
2024-04-06 16:14:07 DEBUG BotTelegramCommands:72 - /start
2024-04-06 16:14:30 DEBUG BotTelegramCommands:72 - Заявка
2024-04-06 16:14:35 DEBUG BotTelegramCommands:89 - вывоз
2024-04-06 16:14:58 DEBUG BotTelegramCommands:54 - Ранг рангш паншш ааешт-> вывоз
2024-04-06 16:17:54 DEBUG BotTelegramCommands:72 - Ф
2024-04-06 16:20:21 DEBUG BotTelegramCommands:72 - /start
2024-04-06 16:21:24 DEBUG BotTelegramCommands:72 - /start
2024-04-06 16:21:38 DEBUG BotTelegramCommands:72 - Заявка
2024-04-06 16:21:41 DEBUG BotTelegramCommands:89 - спил
2024-04-06 16:21:56 DEBUG BotTelegramCommands:50 - Гпаен рангш ранг рре-> спил
2024-04-06 17:02:44 DEBUG BotTelegramCommands:72 - /start
2024-04-06 17:12:07 DEBUG BotTelegramCommands:72 - Заявка
2024-04-06 17:12:23 DEBUG BotTelegramCommands:89 - кранация
2024-04-06 17:56:39 DEBUG BotTelegramCommands:72 - /start
2024-04-06 18:11:03 DEBUG BotTelegramCommands:72 - /start
2024-04-06 18:11:15 DEBUG BotTelegramCommands:72 - Заявка
2024-04-06 18:11:19 DEBUG BotTelegramCommands:89 - спил
2024-04-06 18:11:27 DEBUG BotTelegramCommands:50 - Гпаен ррнго оппп ррр-> спил
2024-04-11 16:59:06 DEBUG BotTelegramCommands:72 - /start
2024-04-11 16:59:07 DEBUG BotTelegramCommands:72 - /start
2024-04-11 17:03:30 DEBUG BotTelegramCommands:72 - /start
2024-04-11 17:03:42 DEBUG BotTelegramCommands:72 - Заявка
2024-04-11 17:03:47 DEBUG BotTelegramCommands:89 - вывоз
2024-04-11 17:04:26 DEBUG BotTelegramCommands:72 - /start
2024-04-11 17:04:35 DEBUG BotTelegramCommands:72 - Заявка
2024-04-11 17:04:39 DEBUG BotTelegramCommands:89 - спил
2024-04-11 17:14:17 DEBUG BotTelegramCommands:72 - /start
2024-04-14 11:08:46 DEBUG BotTelegramCommands:72 - /start
2024-04-20 16:36:36 DEBUG BotTelegramCommands:72 - /start
2024-04-20 16:36:36 DEBUG BotTelegramCommands:72 - /start
